<?xml version="1.0" encoding="UTF-8"?>
<!-- Generated by org.testng.reporters.JUnitReportReporter -->
<testsuite hostname="I20768" failures="0" tests="1" name="central.TestCases.CommonClass" time="12.236" errors="0" timestamp="2022-10-17T12:51:28 IST" skipped="0">
  <testcase classname="central.TestCases.CommonClass" name="launchbrowser" time="12.236"/>
  <system-out/>
</testsuite> <!-- central.TestCases.CommonClass -->
