<?xml version="1.0" encoding="UTF-8"?>
<!-- Generated by org.testng.reporters.JUnitReportReporter -->
<testsuite hostname="NDL01618" failures="0" tests="2" name="central.TestCases.TC05_SCTeams" time="41.935" errors="0" timestamp="2022-12-07T15:23:11 IST" skipped="0">
  <testcase classname="central.TestCases.TC05_SCTeams" name="Login" time="13.864"/>
  <system-out/>
  <testcase classname="central.TestCases.TC05_SCTeams" name="teams" time="28.071"/>
  <system-out/>
</testsuite> <!-- central.TestCases.TC05_SCTeams -->
