<?xml version="1.0" encoding="UTF-8"?>
<!-- Generated by org.testng.reporters.JUnitReportReporter -->
<testsuite hostname="NDL01618" failures="0" tests="4" name="central.TestCases.TC04_SCContractor" time="123.819" errors="0" timestamp="2023-01-02T11:13:58 IST" skipped="0">
  <testcase classname="central.TestCases.TC04_SCContractor" name="Login" time="11.910"/>
  <system-out/>
  <testcase classname="central.TestCases.TC04_SCContractor" name="CreateExtuser" time="35.537"/>
  <system-out/>
  <testcase classname="central.TestCases.TC04_SCContractor" name="roleCreateUpdate" time="41.231"/>
  <system-out/>
  <testcase classname="central.TestCases.TC04_SCContractor" name="vendor" time="35.141"/>
  <system-out/>
</testsuite> <!-- central.TestCases.TC04_SCContractor -->
