<?xml version="1.0" encoding="UTF-8"?>
<!-- Generated by org.testng.reporters.JUnitReportReporter -->
<testsuite hostname="NDL01618" failures="0" tests="6" name="central.TestCases.TC06_SCProfile" time="189.896" errors="0" timestamp="2022-12-14T16:23:48 IST" skipped="0">
  <testcase classname="central.TestCases.TC06_SCProfile" name="Login" time="11.828"/>
  <system-out/>
  <testcase classname="central.TestCases.TC06_SCProfile" name="CreateExtuser" time="41.118"/>
  <system-out/>
  <testcase classname="central.TestCases.TC06_SCProfile" name="roleCreateUpdate" time="56.400"/>
  <system-out/>
  <testcase classname="central.TestCases.TC06_SCProfile" name="vendor" time="39.881"/>
  <system-out/>
  <testcase classname="central.TestCases.TC06_SCProfile" name="teams" time="27.548"/>
  <system-out/>
  <testcase classname="central.TestCases.TC06_SCProfile" name="Profile" time="13.121"/>
  <system-out/>
</testsuite> <!-- central.TestCases.TC06_SCProfile -->
