<?xml version="1.0" encoding="UTF-8"?>
<!-- Generated by org.testng.reporters.JUnitReportReporter -->
<testsuite hostname="NDL01618" failures="0" tests="1" name="central.TestCases.TC01_SCExtLogin" time="15.522" errors="0" timestamp="2022-12-23T13:53:48 IST" skipped="0">
  <testcase classname="central.TestCases.TC01_SCExtLogin" name="Login" time="15.522"/>
  <system-out/>
</testsuite> <!-- central.TestCases.TC01_SCExtLogin -->
